<?xml version="1.0" encoding="UTF-8"?>
<testsuite xmlns:xsi="http://www.w3.org/2001/XMLSchema-instance" xsi:noNamespaceSchemaLocation="https://maven.apache.org/surefire/maven-surefire-plugin/xsd/surefire-test-report.xsd" name="cn.argentoaskia.dao.FilmTextDAOXMLTest" time="1.407" tests="5" errors="0" skipped="0" failures="0">
  <properties>
[...]
</properties>
  <testcase name="eTestFileTextDAOXMLSelectById" classname="cn.argentoaskia.dao.FilmTextDAOXMLTest" time="1.002"/>
  <testcase name="cTestFileTextDAOXMLUpdate" classname="cn.argentoaskia.dao.FilmTextDAOXMLTest" time="0.042"/>
  <testcase name="fTestFileTextDAOXMLSelectAll" classname="cn.argentoaskia.dao.FilmTextDAOXMLTest" time="0.335"/>
  <testcase name="bTestFileTextDAOXMLDelete" classname="cn.argentoaskia.dao.FilmTextDAOXMLTest" time="0"/>
  <testcase name="dTestFileTextDAOXMLInsert" classname="cn.argentoaskia.dao.FilmTextDAOXMLTest" time="0.001"/>
</testsuite>